[2020-05-29 14:48:46Z] - INFO - Начало работы pensionFund
[2020-05-29 14:48:46Z] - INFO - Конец работы скрипта!
[2020-05-29 14:49:41Z] - INFO - Начало работы pensionFund
[2020-05-29 14:49:41Z] - INFO - Конец работы pensionFund
[2020-05-29 15:39:52Z] - INFO - Начало работы pensionFund
[2020-05-29 15:39:52Z] - INFO - Xml-файлы в D:\Ps1\pensionFund\in не найдены!
[2020-05-29 15:40:09Z] - INFO - Начало работы pensionFund
[2020-05-29 15:40:09Z] - INFO - Xml-файлы в D:\Ps1\pensionFund\in не найдены!
[2020-05-29 15:40:22Z] - INFO - Начало работы pensionFund
[2020-05-29 15:40:22Z] - ERRR - Xml-файлы в D:\Ps1\pensionFund\in не найдены!
[2020-05-29 15:45:03Z] - INFO - Начало работы pensionFund
[2020-05-29 15:45:03Z] - ERRR - Xml-файлы в D:\Ps1\pensionFund\in не найдены!
[2020-05-29 15:45:15Z] - INFO - Начало работы pensionFund
[2020-05-29 15:45:15Z] - ERRR - Xml-файлы в D:\Ps1\pensionFund\in не найдены!
[2020-05-29 15:47:10Z] - INFO - Начало работы pensionFund
[2020-05-29 15:47:10Z] - INFO - Конец работы pensionFund
[2020-05-29 15:49:01Z] - INFO - Начало работы pensionFund
[2020-05-29 15:49:01Z] - INFO - Конец работы pensionFund
[2020-05-29 15:49:23Z] - INFO - Начало работы pensionFund
[2020-05-29 15:49:23Z] - INFO - Конец работы pensionFund
[2020-05-29 15:50:10Z] - INFO - Начало работы pensionFund
[2020-05-29 15:50:10Z] - INFO - Конец работы pensionFund
[2020-05-29 15:50:23Z] - INFO - Начало работы pensionFund
[2020-05-29 15:50:23Z] - INFO - Конец работы pensionFund
[2020-05-29 16:01:15Z] - INFO - Начало работы pensionFund
[2020-05-29 16:01:15Z] - INFO - Конец работы pensionFund
[2020-05-29 16:04:51Z] - INFO - Начало работы pensionFund
[2020-05-29 16:04:51Z] - INFO - Конец работы pensionFund
[2020-05-29 16:05:04Z] - INFO - Начало работы pensionFund
[2020-05-29 16:05:04Z] - INFO - Конец работы pensionFund
[2020-05-29 16:05:27Z] - INFO - Начало работы pensionFund
[2020-05-29 16:05:27Z] - INFO - Конец работы pensionFund
[2020-05-29 16:06:39Z] - INFO - Начало работы pensionFund
[2020-05-29 16:06:39Z] - INFO - Конец работы pensionFund
[2020-05-29 16:07:29Z] - INFO - Начало работы pensionFund
[2020-05-29 16:07:29Z] - INFO - Конец работы pensionFund
[2020-05-29 16:07:50Z] - INFO - Начало работы pensionFund
[2020-05-29 16:07:50Z] - INFO - Конец работы pensionFund
[2020-05-29 16:08:17Z] - INFO - Начало работы pensionFund
[2020-05-29 16:09:39Z] - INFO - Начало работы pensionFund
[2020-05-29 16:09:39Z] - ERRR - Информация для парсинга в файле D:\Ps1\pensionFund\in\PFR-700-Y-2018-ORG-082-035-008001-DIS-003-DCK-04248-000-DOC-OPPF-FSB-0388.XML не найдена!
[2020-05-29 16:09:39Z] - ERRR - Информация для парсинга в файле D:\Ps1\pensionFund\in\PFR-700-Y-2020-ORG-082-035-008001-DIS-001-DCK-50261-001-DOC-SPIS-FSB-0000.XML не найдена!
[2020-05-29 16:09:39Z] - INFO - Конец работы pensionFund
[2020-05-29 16:10:27Z] - INFO - Начало работы pensionFund
[2020-05-29 16:10:27Z] - ERRR - Имя "//throw" не распознано как имя командлета, функции, файла сценария или выполняемой программы. Проверьте правильность написания имени, а также наличие и правильность пути, после чего повторите попытку.
[2020-05-29 16:10:27Z] - ERRR - Имя "//throw" не распознано как имя командлета, функции, файла сценария или выполняемой программы. Проверьте правильность написания имени, а также наличие и правильность пути, после чего повторите попытку.
[2020-05-29 16:10:27Z] - INFO - Конец работы pensionFund
[2020-05-29 16:11:07Z] - INFO - Начало работы pensionFund
[2020-05-29 16:11:07Z] - INFO - Конец работы pensionFund
[2020-05-29 16:14:16Z] - INFO - Начало работы pensionFund
[2020-05-29 16:14:16Z] - INFO - Обработка файла D:\Ps1\pensionFund\in\PFR-700-Y-2020-ORG-082-035-008001-DIS-001-DCK-50261-001-DOC-SPIS-FSB-0000.XML
[2020-05-29 16:14:16Z] - INFO - Конец работы pensionFund
[2020-05-29 16:14:52Z] - INFO - Начало работы pensionFund
[2020-05-29 16:14:52Z] - INFO - Обработка файла 
[2020-05-29 16:14:52Z] - INFO - Конец работы pensionFund
[2020-05-29 20:19:26Z] - INFO - Начало работы pensionFund
[2020-05-29 20:19:26Z] - INFO - Обработка файла 
[2020-05-29 20:19:26Z] - INFO - Конец работы pensionFund
[2020-05-29 20:19:43Z] - INFO - Начало работы pensionFund
[2020-05-29 20:19:43Z] - INFO - Обработка файла 
[2020-05-29 20:22:09Z] - INFO - Начало работы pensionFund
[2020-05-29 20:22:09Z] - INFO - Обработка файла 
[2020-05-29 20:24:02Z] - INFO - Начало работы pensionFund
[2020-05-29 20:24:02Z] - INFO - Обработка файла 
[2020-05-29 20:24:02Z] - ERRR - Информация для парсинга в файле D:\Ps1\pensionFund\in\PFR-700-Y-2020-ORG-082-035-008001-DIS-001-DCK-50335-000-DOC-OPPF-FSB-0000.XML не найдена!
[2020-05-29 20:24:02Z] - INFO - Конец работы pensionFund
[2020-05-29 20:24:33Z] - INFO - Начало работы pensionFund
[2020-05-29 20:24:33Z] - INFO - Обработка файла $($xmlFile.Name)
[2020-05-29 20:24:33Z] - ERRR - Информация для парсинга в файле D:\Ps1\pensionFund\in\PFR-700-Y-2020-ORG-082-035-008001-DIS-001-DCK-50335-000-DOC-OPPF-FSB-0000.XML не найдена!
[2020-05-29 20:24:33Z] - INFO - Конец работы pensionFund
[2020-05-29 20:24:46Z] - INFO - Начало работы pensionFund
[2020-05-29 20:24:46Z] - INFO - Обработка файла 
[2020-05-29 20:24:46Z] - ERRR - Информация для парсинга в файле D:\Ps1\pensionFund\in\PFR-700-Y-2020-ORG-082-035-008001-DIS-001-DCK-50335-000-DOC-OPPF-FSB-0000.XML не найдена!
[2020-05-29 20:24:46Z] - INFO - Конец работы pensionFund
[2020-05-29 20:26:16Z] - INFO - Начало работы pensionFund
[2020-05-29 20:26:16Z] - INFO - Обработка файла 
[2020-05-29 20:26:16Z] - ERRR - Информация для парсинга в файле D:\Ps1\pensionFund\in\PFR-700-Y-2020-ORG-082-035-008001-DIS-001-DCK-50335-000-DOC-OPPF-FSB-0000.XML не найдена!
[2020-05-29 20:26:16Z] - INFO - Конец работы pensionFund
[2020-05-29 20:26:30Z] - INFO - Начало работы pensionFund
[2020-05-29 20:26:30Z] - INFO - Обработка файла 
[2020-05-29 20:26:30Z] - ERRR - Информация для парсинга в файле  не найдена!
[2020-05-29 20:26:30Z] - INFO - Конец работы pensionFund
[2020-05-29 20:42:21Z] - INFO - Начало работы pensionFund
[2020-05-29 20:42:21Z] - INFO - Обработка файла 
[2020-05-29 20:42:21Z] - ERRR - Информация для парсинга в файле  не найдена!
[2020-05-29 20:42:21Z] - INFO - Конец работы pensionFund
[2020-05-29 20:42:31Z] - INFO - Начало работы pensionFund
[2020-05-29 20:46:50Z] - INFO - Начало работы pensionFund
[2020-05-29 20:46:50Z] - ERRR - Не удается привязать аргумент к параметру "Path", так как он имеет значение NULL.
[2020-05-29 20:46:50Z] - INFO - Конец работы pensionFund
[2020-05-29 20:47:15Z] - INFO - Начало работы pensionFund
[2020-05-29 20:47:15Z] - INFO - Обработка файла PFR-700-Y-2020-ORG-082-035-008001-DIS-001-DCK-50335-000-DOC-OPPF-FSB-0000.XML
[2020-05-29 20:47:15Z] - ERRR - Информация для парсинга в файле PFR-700-Y-2020-ORG-082-035-008001-DIS-001-DCK-50335-000-DOC-OPPF-FSB-0000.XML не найдена!
[2020-05-29 20:47:15Z] - INFO - Конец работы pensionFund
[2020-05-29 21:04:25Z] - INFO - Начало работы pensionFund
[2020-05-29 21:04:25Z] - INFO - Обработка файла PFR-700-Y-2020-ORG-082-035-008001-DIS-001-DCK-50261-001-DOC-SPIS-FSB-0000.XML
[2020-05-29 21:04:25Z] - INFO - Конец работы pensionFund
[2020-05-29 21:08:30Z] - INFO - Начало работы pensionFund
[2020-05-29 21:08:30Z] - INFO - Обработка файла PFR-700-Y-2020-ORG-082-035-008001-DIS-001-DCK-50261-001-DOC-SPIS-FSB-0000.XML
[2020-05-29 21:08:30Z] - INFO - Конец работы pensionFund
[2020-05-29 21:14:46Z] - INFO - Начало работы pensionFund
[2020-05-29 21:14:46Z] - INFO - Обработка файла PFR-700-Y-2020-ORG-082-035-008001-DIS-001-DCK-50261-001-DOC-SPIS-FSB-0000.XML
[2020-05-29 21:14:46Z] - ERRR - Сбой вызова метода из-за отсутствия в [System.Xml.XmlElement] метода с именем "add".
[2020-05-29 21:14:46Z] - INFO - Конец работы pensionFund
[2020-05-29 21:15:02Z] - INFO - Начало работы pensionFund
[2020-05-29 21:15:02Z] - INFO - Обработка файла PFR-700-Y-2020-ORG-082-035-008001-DIS-001-DCK-50261-001-DOC-SPIS-FSB-0000.XML
[2020-05-29 21:15:02Z] - ERRR - Исключение при вызове "Add" с "1" аргументами: "Коллекция имела фиксированный размер."
[2020-05-29 21:15:02Z] - INFO - Конец работы pensionFund
[2020-05-29 21:15:19Z] - INFO - Начало работы pensionFund
[2020-05-29 21:15:19Z] - INFO - Обработка файла PFR-700-Y-2020-ORG-082-035-008001-DIS-001-DCK-50261-001-DOC-SPIS-FSB-0000.XML
[2020-05-29 21:15:19Z] - INFO - Конец работы pensionFund
[2020-05-29 21:16:38Z] - INFO - Начало работы pensionFund
[2020-05-29 21:16:38Z] - INFO - Обработка файла PFR-700-Y-2020-ORG-082-035-008001-DIS-001-DCK-50261-001-DOC-SPIS-FSB-0000.XML
[2020-05-29 21:16:38Z] - INFO - Конец работы pensionFund
[2020-05-29 21:19:19Z] - INFO - Начало работы pensionFund
[2020-05-29 21:19:19Z] - INFO - Обработка файла PFR-700-Y-2020-ORG-082-035-008001-DIS-001-DCK-50261-001-DOC-SPIS-FSB-0000.XML
[2020-05-29 21:19:19Z] - INFO - Конец работы pensionFund
[2020-05-29 21:21:33Z] - INFO - Начало работы pensionFund
[2020-05-29 21:21:33Z] - INFO - Обработка файла PFR-700-Y-2020-ORG-082-035-008001-DIS-001-DCK-50261-001-DOC-SPIS-FSB-0000.XML
[2020-05-29 21:21:33Z] - INFO - Конец работы pensionFund
[2020-05-29 21:22:03Z] - INFO - Начало работы pensionFund
[2020-05-29 21:22:03Z] - INFO - Обработка файла PFR-700-Y-2020-ORG-082-035-008001-DIS-001-DCK-50487-001-DOC-SPIS-FSB-0000.XML
[2020-05-29 21:22:03Z] - INFO - Конец работы pensionFund
[2020-05-29 21:22:17Z] - INFO - Начало работы pensionFund
[2020-05-29 21:22:17Z] - INFO - Обработка файла PFR-700-Y-2020-ORG-082-035-008001-DIS-001-DCK-50335-001-DOC-SPIS-FSB-0000.XML
[2020-05-29 21:22:17Z] - INFO - Конец работы pensionFund
[2020-05-29 21:24:31Z] - INFO - Начало работы pensionFund
[2020-05-29 21:24:31Z] - INFO - Обработка файла PFR-700-Y-2020-ORG-082-035-008001-DIS-001-DCK-50335-001-DOC-SPIS-FSB-0000.XML
[2020-05-29 21:24:31Z] - INFO - Конец работы pensionFund
[2020-05-29 21:24:43Z] - INFO - Начало работы pensionFund
[2020-05-29 21:24:43Z] - INFO - Обработка файла PFR-700-Y-2020-ORG-082-035-008001-DIS-001-DCK-50261-001-DOC-SPIS-FSB-0000.XML
[2020-05-29 21:24:43Z] - INFO - Конец работы pensionFund
[2020-05-29 21:40:24Z] - INFO - Начало работы pensionFund
[2020-05-29 21:40:24Z] - INFO - Обработка файла PFR-700-Y-2020-ORG-082-035-008001-DIS-001-DCK-50261-001-DOC-SPIS-FSB-0000.XML
[2020-05-29 21:40:24Z] - INFO - Конец работы pensionFund
[2020-05-29 21:40:48Z] - INFO - Начало работы pensionFund
[2020-05-29 21:40:48Z] - INFO - Обработка файла PFR-700-Y-2020-ORG-082-035-008001-DIS-001-DCK-50261-001-DOC-SPIS-FSB-0000.XML
[2020-05-29 21:40:48Z] - INFO - Конец работы pensionFund
[2020-05-29 21:41:55Z] - INFO - Начало работы pensionFund
[2020-05-29 21:41:55Z] - INFO - Обработка файла PFR-700-Y-2020-ORG-082-035-008001-DIS-001-DCK-50261-001-DOC-SPIS-FSB-0000.XML
[2020-05-29 21:41:55Z] - INFO - Конец работы pensionFund
[2020-05-29 21:42:10Z] - INFO - Начало работы pensionFund
[2020-05-29 21:42:10Z] - INFO - Обработка файла PFR-700-Y-2020-ORG-082-035-008001-DIS-001-DCK-50261-001-DOC-SPIS-FSB-0000.XML
[2020-05-29 21:42:10Z] - INFO - Конец работы pensionFund
[2020-05-29 21:42:20Z] - INFO - Начало работы pensionFund
[2020-05-29 21:42:20Z] - INFO - Обработка файла PFR-700-Y-2020-ORG-082-035-008001-DIS-001-DCK-50261-001-DOC-SPIS-FSB-0000.XML
[2020-05-29 21:42:54Z] - INFO - Начало работы pensionFund
[2020-05-29 21:42:54Z] - INFO - Обработка файла PFR-700-Y-2020-ORG-082-035-008001-DIS-001-DCK-50261-001-DOC-SPIS-FSB-0000.XML
[2020-05-29 21:43:27Z] - INFO - Начало работы pensionFund
[2020-05-29 21:43:27Z] - INFO - Обработка файла PFR-700-Y-2020-ORG-082-035-008001-DIS-001-DCK-50261-001-DOC-SPIS-FSB-0000.XML
[2020-05-29 21:43:27Z] - INFO - Конец работы pensionFund
[2020-05-29 21:44:05Z] - INFO - Начало работы pensionFund
[2020-05-29 21:44:05Z] - INFO - Обработка файла PFR-700-Y-2020-ORG-082-035-008001-DIS-001-DCK-50261-001-DOC-SPIS-FSB-0000.XML
[2020-05-29 21:46:16Z] - INFO - Начало работы pensionFund
[2020-05-29 21:46:16Z] - INFO - Обработка файла PFR-700-Y-2020-ORG-082-035-008001-DIS-001-DCK-50335-001-DOC-SPIS-FSB-0000.XML
[2020-05-29 21:46:16Z] - INFO - Конец работы pensionFund
[2020-05-29 21:51:40Z] - INFO - Начало работы pensionFund
[2020-05-29 21:51:40Z] - INFO - Обработка файла PFR-700-Y-2020-ORG-082-035-008001-DIS-001-DCK-50335-001-DOC-SPIS-FSB-0000.XML
[2020-05-29 21:51:40Z] - ERRR - Не удается найти позиционный параметр, принимающий аргумент "--Delimiter".
[2020-05-29 21:51:40Z] - INFO - Конец работы pensionFund
[2020-05-29 21:51:49Z] - INFO - Начало работы pensionFund
[2020-05-29 21:51:49Z] - INFO - Обработка файла PFR-700-Y-2020-ORG-082-035-008001-DIS-001-DCK-50335-001-DOC-SPIS-FSB-0000.XML
[2020-05-29 21:51:49Z] - ERRR - Не удается разрешить набор параметров с использованием указанных именованных параметров.
[2020-05-29 21:51:49Z] - INFO - Конец работы pensionFund
[2020-05-29 21:51:57Z] - INFO - Начало работы pensionFund
[2020-05-29 21:51:57Z] - INFO - Обработка файла PFR-700-Y-2020-ORG-082-035-008001-DIS-001-DCK-50335-001-DOC-SPIS-FSB-0000.XML
[2020-05-29 21:51:58Z] - INFO - Конец работы pensionFund
[2020-05-29 21:52:59Z] - INFO - Начало работы pensionFund
[2020-05-29 21:52:59Z] - INFO - Обработка файла PFR-700-Y-2020-ORG-082-035-008001-DIS-001-DCK-50335-001-DOC-SPIS-FSB-0000.XML
[2020-05-29 21:52:59Z] - ERRR - Не удается разрешить набор параметров с использованием указанных именованных параметров.
[2020-05-29 21:52:59Z] - INFO - Конец работы pensionFund
[2020-05-29 21:53:48Z] - INFO - Начало работы pensionFund
[2020-05-29 21:53:48Z] - INFO - Обработка файла PFR-700-Y-2020-ORG-082-035-008001-DIS-001-DCK-50335-001-DOC-SPIS-FSB-0000.XML
[2020-05-29 21:53:48Z] - ERRR - Не удается разрешить набор параметров с использованием указанных именованных параметров.
[2020-05-29 21:53:48Z] - INFO - Конец работы pensionFund
[2020-05-29 21:53:55Z] - INFO - Начало работы pensionFund
[2020-05-29 21:53:55Z] - INFO - Обработка файла PFR-700-Y-2020-ORG-082-035-008001-DIS-001-DCK-50335-001-DOC-SPIS-FSB-0000.XML
[2020-05-29 21:53:55Z] - INFO - Конец работы pensionFund
[2020-05-29 21:58:19Z] - INFO - Начало работы pensionFund
[2020-05-29 21:58:19Z] - INFO - Обработка файла PFR-700-Y-2020-ORG-082-035-008001-DIS-001-DCK-50335-001-DOC-SPIS-FSB-0000.XML
[2020-05-29 21:58:19Z] - INFO - Конец работы pensionFund
[2020-05-29 22:01:24Z] - INFO - Начало работы pensionFund
[2020-05-29 22:01:24Z] - INFO - Обработка файла PFR-700-Y-2020-ORG-082-035-008001-DIS-001-DCK-50335-001-DOC-SPIS-FSB-0000.XML
[2020-05-29 22:01:24Z] - INFO - Конец работы pensionFund
[2020-05-29 22:01:32Z] - INFO - Начало работы pensionFund
[2020-05-29 22:01:32Z] - INFO - Обработка файла PFR-700-Y-2020-ORG-082-035-008001-DIS-001-DCK-50335-001-DOC-SPIS-FSB-0000.XML
[2020-05-29 22:01:32Z] - INFO - Конец работы pensionFund
[2020-05-29 22:02:05Z] - INFO - Начало работы pensionFund
[2020-05-29 22:02:05Z] - INFO - Обработка файла PFR-700-Y-2020-ORG-082-035-008001-DIS-001-DCK-50335-001-DOC-SPIS-FSB-0000.XML
[2020-05-29 22:02:05Z] - INFO - Конец работы pensionFund
[2020-05-29 22:02:59Z] - INFO - Начало работы pensionFund
[2020-05-29 22:02:59Z] - INFO - Обработка файла PFR-700-Y-2020-ORG-082-035-008001-DIS-001-DCK-50335-001-DOC-SPIS-FSB-0000.XML
[2020-05-29 22:02:59Z] - INFO - Конец работы pensionFund
[2020-05-29 22:03:56Z] - INFO - Начало работы pensionFund
[2020-05-29 22:03:56Z] - INFO - Обработка файла PFR-700-Y-2020-ORG-082-035-008001-DIS-001-DCK-50335-001-DOC-SPIS-FSB-0000.XML
[2020-05-29 22:03:56Z] - INFO - Конец работы pensionFund
[2020-05-29 22:06:11Z] - INFO - Начало работы pensionFund
[2020-05-29 22:06:11Z] - INFO - Обработка файла PFR-700-Y-2020-ORG-082-035-008001-DIS-001-DCK-50335-001-DOC-SPIS-FSB-0000.XML
[2020-05-29 22:06:11Z] - INFO - Конец работы pensionFund
[2020-05-29 22:06:23Z] - INFO - Начало работы pensionFund
[2020-05-29 22:06:23Z] - INFO - Обработка файла PFR-700-Y-2020-ORG-082-035-008001-DIS-001-DCK-50335-001-DOC-SPIS-FSB-0000.XML
[2020-05-29 22:06:23Z] - INFO - System.Object[]
[2020-05-29 22:06:23Z] - INFO - Конец работы pensionFund
[2020-05-29 22:06:48Z] - INFO - Начало работы pensionFund
[2020-05-29 22:06:48Z] - INFO - Обработка файла PFR-700-Y-2020-ORG-082-035-008001-DIS-001-DCK-50335-001-DOC-SPIS-FSB-0000.XML
[2020-05-29 22:06:48Z] - INFO - Конец работы pensionFund
[2020-05-29 22:06:56Z] - INFO - Начало работы pensionFund
[2020-05-29 22:06:56Z] - INFO - Обработка файла PFR-700-Y-2020-ORG-082-035-008001-DIS-001-DCK-50335-001-DOC-SPIS-FSB-0000.XML
[2020-05-29 22:06:56Z] - INFO - Конец работы pensionFund
[2020-05-29 22:07:08Z] - INFO - Начало работы pensionFund
[2020-05-29 22:07:08Z] - INFO - Обработка файла PFR-700-Y-2020-ORG-082-035-008001-DIS-001-DCK-50335-001-DOC-SPIS-FSB-0000.XML
[2020-05-29 22:07:08Z] - INFO - Конец работы pensionFund
[2020-05-29 22:08:18Z] - INFO - Начало работы pensionFund
[2020-05-29 22:08:18Z] - INFO - Обработка файла PFR-700-Y-2020-ORG-082-035-008001-DIS-001-DCK-50335-001-DOC-SPIS-FSB-0000.XML
[2020-05-29 22:08:18Z] - INFO - Сохраняем результат в файл D:\Ps1\pensionFund\out\29052020.txt
[2020-05-29 22:08:18Z] - INFO - Конец работы pensionFund
[2020-05-29 22:08:57Z] - INFO - Начало работы pensionFund
[2020-05-29 22:08:57Z] - INFO - Обработка файла PFR-700-Y-2020-ORG-082-035-008001-DIS-001-DCK-50335-001-DOC-SPIS-FSB-0000.XML
[2020-05-29 22:08:57Z] - INFO - Сохраняем результат в файл D:\Ps1\pensionFund\out\29052020.txt
[2020-05-29 22:08:57Z] - INFO - Конец работы pensionFund
[2020-05-29 22:09:08Z] - INFO - Начало работы pensionFund
[2020-05-29 22:09:08Z] - INFO - Обработка файла PFR-700-Y-2020-ORG-082-035-008001-DIS-001-DCK-50335-001-DOC-SPIS-FSB-0000.XML
[2020-05-29 22:09:08Z] - INFO - Сохраняем результат в файл D:\Ps1\pensionFund\out\29052020.txt
[2020-05-29 22:09:08Z] - INFO - Конец работы pensionFund
[2020-05-29 22:11:29Z] - INFO - Начало работы pensionFund
[2020-05-29 22:11:29Z] - INFO - Обработка файла PFR-700-Y-2020-ORG-082-035-008001-DIS-001-DCK-50335-001-DOC-SPIS-FSB-0000.XML
[2020-05-29 22:11:29Z] - INFO - Сохраняем результат в файл D:\Ps1\pensionFund\out\29052020.txt
[2020-05-29 22:11:29Z] - INFO - Конец работы pensionFund
[2020-05-29 22:12:17Z] - INFO - Начало работы pensionFund
[2020-05-29 22:12:17Z] - INFO - Обработка файла PFR-700-Y-2020-ORG-082-035-008001-DIS-001-DCK-50335-001-DOC-SPIS-FSB-0000.XML
[2020-05-29 22:12:17Z] - INFO - Сохраняем результат в файл D:\Ps1\pensionFund\out\29052020.txt
[2020-05-29 22:12:17Z] - INFO - Конец работы pensionFund
[2020-05-29 22:12:40Z] - INFO - Начало работы pensionFund
[2020-05-29 22:12:40Z] - INFO - Обработка файла PFR-700-Y-2020-ORG-082-035-008001-DIS-001-DCK-50335-001-DOC-SPIS-FSB-0000.XML
[2020-05-29 22:12:40Z] - INFO - Сохраняем результат в файл D:\Ps1\pensionFund\out\29052020.txt
[2020-05-29 22:12:40Z] - INFO - Конец работы pensionFund
[2020-05-29 22:13:41Z] - INFO - Начало работы pensionFund
[2020-05-29 22:13:41Z] - INFO - Обработка файла PFR-700-Y-2020-ORG-082-035-008001-DIS-001-DCK-50335-001-DOC-SPIS-FSB-0000.XML
[2020-05-29 22:13:41Z] - INFO - Сохраняем результат в файл D:\Ps1\pensionFund\out\29052020.txt
[2020-05-29 22:13:41Z] - INFO - Конец работы pensionFund
[2020-05-29 22:14:44Z] - INFO - Начало работы pensionFund
[2020-05-29 22:14:44Z] - INFO - Обработка файла PFR-700-Y-2020-ORG-082-035-008001-DIS-001-DCK-50335-001-DOC-SPIS-FSB-0000.XML
[2020-05-29 22:14:44Z] - INFO - Сохраняем результат в файл D:\Ps1\pensionFund\out\29052020.txt
[2020-05-29 22:14:44Z] - INFO - Конец работы pensionFund
[2020-05-29 22:17:59Z] - INFO - Начало работы pensionFund
[2020-05-29 22:17:59Z] - INFO - Обработка файла PFR-700-Y-2020-ORG-082-035-008001-DIS-001-DCK-50335-001-DOC-SPIS-FSB-0000.XML
[2020-05-29 22:17:59Z] - INFO - Сохраняем результат в файл D:\Ps1\pensionFund\out\29052020.txt
[2020-05-29 22:17:59Z] - INFO - Конец работы pensionFund
[2020-05-29 22:19:11Z] - INFO - Начало работы pensionFund
[2020-05-29 22:19:11Z] - INFO - Обработка файла PFR-700-Y-2020-ORG-082-035-008001-DIS-001-DCK-50335-001-DOC-SPIS-FSB-0000.XML
[2020-05-29 22:19:11Z] - INFO - Сохраняем результат в файл D:\Ps1\pensionFund\out\29052020.txt
[2020-05-29 22:19:11Z] - INFO - Конец работы pensionFund
[2020-05-29 22:20:13Z] - INFO - Начало работы pensionFund
[2020-05-29 22:20:13Z] - INFO - Обработка файла PFR-700-Y-2020-ORG-082-035-008001-DIS-001-DCK-50335-001-DOC-SPIS-FSB-0000.XML
[2020-05-29 22:20:13Z] - INFO - Сохраняем результат в файл D:\Ps1\pensionFund\out\29052020.txt
[2020-05-29 22:20:13Z] - INFO - Конец работы pensionFund
[2020-05-29 22:25:29Z] - INFO - Начало работы pensionFund
[2020-05-29 22:25:29Z] - INFO - Обработка файла PFR-700-Y-2020-ORG-082-035-008001-DIS-001-DCK-50335-001-DOC-SPIS-FSB-0000.XML
[2020-05-29 22:25:30Z] - INFO - Сохраняем результат в файл D:\Ps1\pensionFund\out\29052020.txt
[2020-05-29 22:25:30Z] - INFO - Конец работы pensionFund
[2020-05-29 22:26:00Z] - INFO - Начало работы pensionFund
[2020-05-29 22:26:00Z] - INFO - Обработка файла PFR-700-Y-2020-ORG-082-035-008001-DIS-001-DCK-50335-001-DOC-SPIS-FSB-0000.XML
[2020-05-29 22:26:00Z] - INFO - Сохраняем результат в файл D:\Ps1\pensionFund\out\29052020.txt
[2020-05-29 22:26:00Z] - INFO - Конец работы pensionFund
[2020-05-29 22:27:19Z] - INFO - Начало работы pensionFund
[2020-05-29 22:27:19Z] - INFO - Обработка файла PFR-700-Y-2020-ORG-082-035-008001-DIS-001-DCK-50335-001-DOC-SPIS-FSB-0000.XML
[2020-05-29 22:27:19Z] - INFO - Сохраняем результат в файл D:\Ps1\pensionFund\out\29052020.txt
[2020-05-29 22:27:19Z] - INFO - Конец работы pensionFund
[2020-05-29 22:30:34Z] - INFO - Начало работы pensionFund
[2020-05-29 22:30:34Z] - INFO - Обработка файла PFR-700-Y-2020-ORG-082-035-008001-DIS-001-DCK-50335-001-DOC-SPIS-FSB-0000.XML
[2020-05-29 22:30:34Z] - INFO - Сохраняем результат в файл D:\Ps1\pensionFund\out\29052020.txt
[2020-05-29 22:30:34Z] - INFO - Конец работы pensionFund
[2020-05-29 22:32:12Z] - INFO - Начало работы pensionFund
[2020-05-29 22:32:12Z] - INFO - Обработка файла PFR-700-Y-2020-ORG-082-035-008001-DIS-001-DCK-50335-001-DOC-SPIS-FSB-0000.XML
[2020-05-29 22:32:12Z] - INFO - Сохраняем результат в файл D:\Ps1\pensionFund\out\29052020.txt
[2020-05-29 22:32:12Z] - INFO - Конец работы pensionFund
[2020-05-29 22:33:16Z] - INFO - Начало работы pensionFund
[2020-05-29 22:33:16Z] - INFO - Обработка файла PFR-700-Y-2020-ORG-082-035-008001-DIS-001-DCK-50335-001-DOC-SPIS-FSB-0000.XML
[2020-05-29 22:33:16Z] - INFO - Сохраняем результат в файл D:\Ps1\pensionFund\out\29052020.txt
[2020-05-29 22:33:16Z] - INFO - Конец работы pensionFund
[2020-05-29 22:36:05Z] - INFO - Начало работы pensionFund
[2020-05-29 22:36:05Z] - INFO - Обработка файла PFR-700-Y-2020-ORG-082-035-008001-DIS-001-DCK-50335-001-DOC-SPIS-FSB-0000.XML
[2020-05-29 22:36:05Z] - INFO - Сохраняем результат в файл D:\Ps1\pensionFund\out\29052020.txt
[2020-05-29 22:36:05Z] - INFO - Конец работы pensionFund
[2020-05-29 22:39:20Z] - INFO - Начало работы pensionFund
[2020-05-29 22:39:20Z] - INFO - Обработка файла PFR-700-Y-2020-ORG-082-035-008001-DIS-001-DCK-50335-001-DOC-SPIS-FSB-0000.XML
[2020-05-29 22:39:20Z] - INFO - Сохраняем результат в файл D:\Ps1\pensionFund\out\29052020.txt
[2020-05-29 22:39:20Z] - INFO - Конец работы pensionFund
[2020-05-29 22:42:35Z] - INFO - Начало работы pensionFund
[2020-05-29 22:42:35Z] - INFO - Обработка файла PFR-700-Y-2020-ORG-082-035-008001-DIS-001-DCK-50335-001-DOC-SPIS-FSB-0000.XML
[2020-05-29 22:42:35Z] - ERRR - Не удается привязать параметр, так как параметр "Encoding" указан более одного раза. Для указания множественных значений параметров, допускающих множественные значения, используйте синтаксис массива.  Например, "-parameter value1,value2,value3".
[2020-05-29 22:42:35Z] - INFO - Конец работы pensionFund
[2020-05-29 22:43:19Z] - INFO - Начало работы pensionFund
[2020-05-29 22:43:19Z] - INFO - Обработка файла PFR-700-Y-2020-ORG-082-035-008001-DIS-001-DCK-50335-001-DOC-SPIS-FSB-0000.XML
[2020-05-29 22:43:19Z] - INFO - Сохраняем результат в файл D:\Ps1\pensionFund\out\29052020.txt
[2020-05-29 22:43:19Z] - INFO - Конец работы pensionFund
[2020-05-29 22:43:48Z] - INFO - Начало работы pensionFund
[2020-05-29 22:43:48Z] - INFO - Обработка файла PFR-700-Y-2020-ORG-082-035-008001-DIS-001-DCK-50335-001-DOC-SPIS-FSB-0000.XML
[2020-05-29 22:43:48Z] - INFO - Сохраняем результат в файл D:\Ps1\pensionFund\out\29052020.txt
[2020-05-29 22:43:48Z] - INFO - Конец работы pensionFund
[2020-05-29 22:45:49Z] - INFO - Начало работы pensionFund
[2020-05-29 22:45:49Z] - INFO - Обработка файла PFR-700-Y-2020-ORG-082-035-008001-DIS-001-DCK-50335-001-DOC-SPIS-FSB-0000.XML
[2020-05-29 22:45:49Z] - INFO - Сохраняем результат в файл D:\Ps1\pensionFund\out\29052020.txt
[2020-05-29 22:45:49Z] - INFO - Конец работы pensionFund
[2020-05-29 22:46:25Z] - INFO - Начало работы pensionFund
[2020-05-29 22:46:25Z] - INFO - Обработка файла PFR-700-Y-2020-ORG-082-035-008001-DIS-001-DCK-50261-001-DOC-SPIS-FSB-0000.XML
[2020-05-29 22:46:25Z] - INFO - Обработка файла PFR-700-Y-2020-ORG-082-035-008001-DIS-001-DCK-50335-001-DOC-SPIS-FSB-0000.XML
[2020-05-29 22:46:25Z] - INFO - Обработка файла PFR-700-Y-2020-ORG-082-035-008001-DIS-001-DCK-50487-001-DOC-SPIS-FSB-0000.XML
[2020-05-29 22:46:25Z] - INFO - Сохраняем результат в файл D:\Ps1\pensionFund\out\29052020.txt
[2020-05-29 22:46:25Z] - INFO - Конец работы pensionFund
[2020-05-29 22:46:48Z] - INFO - Начало работы pensionFund
[2020-05-29 22:46:48Z] - INFO - Обработка файла PFR-700-Y-2020-ORG-082-035-008001-DIS-001-DCK-50261-001-DOC-SPIS-FSB-0000.XML
[2020-05-29 22:46:48Z] - INFO - Обработка файла PFR-700-Y-2020-ORG-082-035-008001-DIS-001-DCK-50487-001-DOC-SPIS-FSB-0000.XML
[2020-05-29 22:46:48Z] - INFO - Сохраняем результат в файл D:\Ps1\pensionFund\out\29052020.txt
[2020-05-29 22:46:48Z] - INFO - Конец работы pensionFund
